[INGEST_20260122020344] 2026-01-22 02:03:44 - ERROR - Ingestion failed: strptime() argument 1 must be str, not None
Traceback (most recent call last):
  File "/workspaces/ETL-Pipeline/ingestion/ingest.py", line 136, in main
    transformed_records = transform_records(
                          ^^^^^^^^^^^^^^^^^^
  File "/workspaces/ETL-Pipeline/transformation/transformer.py", line 107, in transform_records
    record = normalize_date(record, client_config)
             ^^^^^^^^^^^^^^^^^^^^^^^^^^^^^^^^^^^^^
  File "/workspaces/ETL-Pipeline/transformation/transformer.py", line 65, in normalize_date
    parsed = datetime.strptime(raw_date, python_fmt)
             ^^^^^^^^^^^^^^^^^^^^^^^^^^^^^^^^^^^^^^^
TypeError: strptime() argument 1 must be str, not None
[INGEST_20260122020407] 2026-01-22 02:04:07 - ERROR - Ingestion failed: 'file_format'
Traceback (most recent call last):
  File "/workspaces/ETL-Pipeline/ingestion/ingest.py", line 122, in main
    df_raw = read_input_file(args.file, client_config)
             ^^^^^^^^^^^^^^^^^^^^^^^^^^^^^^^^^^^^^^^^^
  File "/workspaces/ETL-Pipeline/ingestion/ingest.py", line 84, in read_input_file
    file_format = client_config["file_format"]
                  ~~~~~~~~~~~~~^^^^^^^^^^^^^^^
KeyError: 'file_format'
[INGEST_20260122020614] 2026-01-22 02:06:14 - ERROR - Ingestion failed: 'file_format'
Traceback (most recent call last):
  File "/workspaces/ETL-Pipeline/ingestion/ingest.py", line 122, in main
    df_raw = read_input_file(args.file, client_config)
             ^^^^^^^^^^^^^^^^^^^^^^^^^^^^^^^^^^^^^^^^^
  File "/workspaces/ETL-Pipeline/ingestion/ingest.py", line 84, in read_input_file
    file_format = client_config["file_format"]
                  ~~~~~~~~~~~~~^^^^^^^^^^^^^^^
KeyError: 'file_format'
