[INGEST_20260122020155] 2026-01-22 02:01:55 - INFO - Starting ingestion: INGEST_20260122020155
[INGEST_20260122020155] 2026-01-22 02:01:55 - INFO - Client: LENDER_A
[INGEST_20260122020155] 2026-01-22 02:01:55 - INFO - Records read: 5
[INGEST_20260122020155] 2026-01-22 02:01:55 - INFO - Clean records: 5
[INGEST_20260122020155] 2026-01-22 02:01:55 - INFO - Rejected records: 0
[INGEST_20260122020344] 2026-01-22 02:03:44 - INFO - Starting ingestion: INGEST_20260122020344
[INGEST_20260122020344] 2026-01-22 02:03:44 - INFO - Client: LENDER_A
[INGEST_20260122020344] 2026-01-22 02:03:44 - INFO - Records read: 5
[INGEST_20260122020344] 2026-01-22 02:03:44 - ERROR - Ingestion failed: strptime() argument 1 must be str, not None
Traceback (most recent call last):
  File "/workspaces/ETL-Pipeline/ingestion/ingest.py", line 136, in main
    transformed_records = transform_records(
                          ^^^^^^^^^^^^^^^^^^
  File "/workspaces/ETL-Pipeline/transformation/transformer.py", line 107, in transform_records
    record = normalize_date(record, client_config)
             ^^^^^^^^^^^^^^^^^^^^^^^^^^^^^^^^^^^^^
  File "/workspaces/ETL-Pipeline/transformation/transformer.py", line 65, in normalize_date
    parsed = datetime.strptime(raw_date, python_fmt)
             ^^^^^^^^^^^^^^^^^^^^^^^^^^^^^^^^^^^^^^^
TypeError: strptime() argument 1 must be str, not None
[INGEST_20260122020355] 2026-01-22 02:03:55 - INFO - Starting ingestion: INGEST_20260122020355
[INGEST_20260122020355] 2026-01-22 02:03:55 - INFO - Client: LENDER_A
[INGEST_20260122020355] 2026-01-22 02:03:55 - INFO - Records read: 5
[INGEST_20260122020355] 2026-01-22 02:03:55 - INFO - Clean records: 5
[INGEST_20260122020355] 2026-01-22 02:03:55 - INFO - Rejected records: 0
[INGEST_20260122020407] 2026-01-22 02:04:07 - INFO - Starting ingestion: INGEST_20260122020407
[INGEST_20260122020407] 2026-01-22 02:04:07 - ERROR - Ingestion failed: 'file_format'
Traceback (most recent call last):
  File "/workspaces/ETL-Pipeline/ingestion/ingest.py", line 122, in main
    df_raw = read_input_file(args.file, client_config)
             ^^^^^^^^^^^^^^^^^^^^^^^^^^^^^^^^^^^^^^^^^
  File "/workspaces/ETL-Pipeline/ingestion/ingest.py", line 84, in read_input_file
    file_format = client_config["file_format"]
                  ~~~~~~~~~~~~~^^^^^^^^^^^^^^^
KeyError: 'file_format'
[INGEST_20260122020544] 2026-01-22 02:05:44 - INFO - Starting ingestion: INGEST_20260122020544
[INGEST_20260122020544] 2026-01-22 02:05:44 - INFO - Client: LENDER_A
[INGEST_20260122020544] 2026-01-22 02:05:44 - INFO - Records read: 5
[INGEST_20260122020544] 2026-01-22 02:05:44 - INFO - Clean records: 5
[INGEST_20260122020544] 2026-01-22 02:05:44 - INFO - Rejected records: 0
[INGEST_20260122020546] 2026-01-22 02:05:46 - INFO - Starting ingestion: INGEST_20260122020546
[INGEST_20260122020546] 2026-01-22 02:05:46 - INFO - Client: LENDER_A
[INGEST_20260122020546] 2026-01-22 02:05:46 - INFO - Records read: 5
[INGEST_20260122020546] 2026-01-22 02:05:46 - INFO - Clean records: 5
[INGEST_20260122020546] 2026-01-22 02:05:46 - INFO - Rejected records: 0
[INGEST_20260122020614] 2026-01-22 02:06:14 - INFO - Starting ingestion: INGEST_20260122020614
[INGEST_20260122020614] 2026-01-22 02:06:14 - ERROR - Ingestion failed: 'file_format'
Traceback (most recent call last):
  File "/workspaces/ETL-Pipeline/ingestion/ingest.py", line 122, in main
    df_raw = read_input_file(args.file, client_config)
             ^^^^^^^^^^^^^^^^^^^^^^^^^^^^^^^^^^^^^^^^^
  File "/workspaces/ETL-Pipeline/ingestion/ingest.py", line 84, in read_input_file
    file_format = client_config["file_format"]
                  ~~~~~~~~~~~~~^^^^^^^^^^^^^^^
KeyError: 'file_format'
[INGEST_20260122020714] 2026-01-22 02:07:14 - INFO - Starting ingestion: INGEST_20260122020714
[INGEST_20260122020714] 2026-01-22 02:07:14 - INFO - Client: LENDER_B
[INGEST_20260122020714] 2026-01-22 02:07:14 - INFO - Records read: 5
[INGEST_20260122020714] 2026-01-22 02:07:14 - INFO - Clean records: 5
[INGEST_20260122020714] 2026-01-22 02:07:14 - INFO - Rejected records: 0
[INGEST_20260122020719] 2026-01-22 02:07:19 - INFO - Starting ingestion: INGEST_20260122020719
[INGEST_20260122020719] 2026-01-22 02:07:19 - INFO - Client: LENDER_B
[INGEST_20260122020719] 2026-01-22 02:07:19 - INFO - Records read: 5
[INGEST_20260122020719] 2026-01-22 02:07:19 - INFO - Clean records: 5
[INGEST_20260122020719] 2026-01-22 02:07:19 - INFO - Rejected records: 0
[INGEST_20260122021020] 2026-01-22 02:10:20 - INFO - Starting ingestion: INGEST_20260122021020
[INGEST_20260122021020] 2026-01-22 02:10:20 - INFO - Client: LENDER_B
[INGEST_20260122021020] 2026-01-22 02:10:20 - INFO - Records read: 5
[INGEST_20260122021020] 2026-01-22 02:10:20 - INFO - Clean records: 5
[INGEST_20260122021020] 2026-01-22 02:10:20 - INFO - Rejected records: 0
